2026-07-06 17:10:53,554 - __main__ - INFO - Starting IPO check cycle...
2026-07-06 17:10:55,246 - src.ipo_scraper - ERROR - Error fetching IPOs from FMP: 401 Client Error: Unauthorized for url: https://financialmodelingprep.com/api/v3/ipo?apikey=YOUR_FMP_API_KEY
2026-07-06 17:10:55,248 - __main__ - INFO - Found 0 total IPOs
2026-07-06 17:10:55,249 - __main__ - INFO - Found 0 new IPOs
2026-07-06 17:10:55,249 - __main__ - INFO - No new IPOs to process
2026-07-06 17:13:32,517 - src.main - INFO - Starting IPO check cycle...
2026-07-06 17:13:33,534 - src.ipo_scraper - ERROR - Error fetching IPOs from FMP: 401 Client Error: Unauthorized for url: https://financialmodelingprep.com/api/v3/ipo?apikey=YOUR_FMP_API_KEY
2026-07-06 17:13:33,545 - src.main - INFO - Found 0 total IPOs
2026-07-06 17:13:33,545 - src.main - INFO - Found 0 new IPOs
2026-07-06 17:13:33,545 - src.main - INFO - No new IPOs to process
2026-07-06 17:13:58,356 - src.main - INFO - Starting IPO check cycle...
2026-07-06 17:13:59,248 - src.ipo_scraper - ERROR - Error fetching IPOs from FMP: 401 Client Error: Unauthorized for url: https://financialmodelingprep.com/api/v3/ipo?apikey=YOUR_FMP_API_KEY
2026-07-06 17:13:59,249 - src.main - INFO - Found 0 total IPOs
2026-07-06 17:13:59,249 - src.main - INFO - Found 0 new IPOs
2026-07-06 17:13:59,249 - src.main - INFO - No new IPOs to process
2026-07-06 17:14:09,051 - src.main - INFO - Starting IPO check cycle...
2026-07-06 17:14:10,003 - src.ipo_scraper - ERROR - Error fetching IPOs from FMP: 401 Client Error: Unauthorized for url: https://financialmodelingprep.com/api/v3/ipo?apikey=YOUR_FMP_API_KEY
2026-07-06 17:14:10,005 - src.main - INFO - Found 0 total IPOs
2026-07-06 17:14:10,006 - src.main - INFO - Found 0 new IPOs
2026-07-06 17:14:10,006 - src.main - INFO - No new IPOs to process
2026-07-06 17:14:19,174 - src.main - INFO - Starting IPO check cycle...
2026-07-06 17:14:20,069 - src.ipo_scraper - ERROR - Error fetching IPOs from FMP: 401 Client Error: Unauthorized for url: https://financialmodelingprep.com/api/v3/ipo?apikey=YOUR_FMP_API_KEY
2026-07-06 17:14:20,070 - src.main - INFO - Found 0 total IPOs
2026-07-06 17:14:20,070 - src.main - INFO - Found 0 new IPOs
2026-07-06 17:14:20,071 - src.main - INFO - No new IPOs to process
